Using pre-set license
Built from '2021.3/staging' branch; Version is '2021.3.9f1 (ad3870b89536) revision 11352176'; Using compiler version '192829333'; Build Type 'Release'
OS: 'Windows 10  (10.0.19044) 64bit Enterprise' Language: 'en' Physical Memory: 65158 MB
BatchMode: 1, IsHumanControllingUs: 0, StartBugReporterOnCrash: 0, Is64bit: 1, IsPro: 1

COMMAND LINE ARGUMENTS:
C:\Program Files\Unity\Hub\Editor\2021.3.9f1\Editor\Unity.exe
-adb2
-batchMode
-noUpm
-name
AssetImportWorker5
-projectPath
C:/Users/amirnzm/Documents/Unity Projects/My project 1
-logFile
Logs/AssetImportWorker5.log
-srvPort
59289
Successfully changed project path to: C:/Users/amirnzm/Documents/Unity Projects/My project 1
C:/Users/amirnzm/Documents/Unity Projects/My project 1
[UnityMemory] Configuration Parameters - Can be set up in boot.config
    "memorysetup-bucket-allocator-granularity=16"
    "memorysetup-bucket-allocator-bucket-count=8"
    "memorysetup-bucket-allocator-block-size=33554432"
    "memorysetup-bucket-allocator-block-count=8"
    "memorysetup-main-allocator-block-size=16777216"
    "memorysetup-thread-allocator-block-size=16777216"
    "memorysetup-gfx-main-allocator-block-size=16777216"
    "memorysetup-gfx-thread-allocator-block-size=16777216"
    "memorysetup-cache-allocator-block-size=4194304"
    "memorysetup-typetree-allocator-block-size=2097152"
    "memorysetup-profiler-bucket-allocator-granularity=16"
    "memorysetup-profiler-bucket-allocator-bucket-count=8"
    "memorysetup-profiler-bucket-allocator-block-size=33554432"
    "memorysetup-profiler-bucket-allocator-block-count=8"
    "memorysetup-profiler-allocator-block-size=16777216"
    "memorysetup-profiler-editor-allocator-block-size=1048576"
    "memorysetup-temp-allocator-size-main=16777216"
    "memorysetup-job-temp-allocator-block-size=2097152"
    "memorysetup-job-temp-allocator-block-size-background=1048576"
    "memorysetup-job-temp-allocator-reduction-small-platforms=262144"
    "memorysetup-temp-allocator-size-background-worker=32768"
    "memorysetup-temp-allocator-size-job-worker=262144"
    "memorysetup-temp-allocator-size-preload-manager=33554432"
    "memorysetup-temp-allocator-size-nav-mesh-worker=65536"
    "memorysetup-temp-allocator-size-audio-worker=65536"
    "memorysetup-temp-allocator-size-cloud-worker=32768"
    "memorysetup-temp-allocator-size-gi-baking-worker=262144"
    "memorysetup-temp-allocator-size-gfx=262144"
Refreshing native plugins compatible for Editor in 131.81 ms, found 3 plugins.
Preloading 0 native plugins for Editor in 0.00 ms.
Initialize engine version: 2021.3.9f1 (ad3870b89536)
[Subsystems] Discovering subsystems at path C:/Program Files/Unity/Hub/Editor/2021.3.9f1/Editor/Data/Resources/UnitySubsystems
[Subsystems] Discovering subsystems at path C:/Users/amirnzm/Documents/Unity Projects/My project 1/Assets
GfxDevice: creating device client; threaded=0; jobified=0
Direct3D:
    Version:  Direct3D 11.0 [level 11.1]
    Renderer: AMD Radeon VII (ID=0x66af)
    Vendor:   ATI
    VRAM:     16312 MB
    Driver:   27.20.12029.1000
Initialize mono
Mono path[0] = 'C:/Program Files/Unity/Hub/Editor/2021.3.9f1/Editor/Data/Managed'
Mono path[1] = 'C:/Program Files/Unity/Hub/Editor/2021.3.9f1/Editor/Data/MonoBleedingEdge/lib/mono/unityjit-win32'
Mono config path = 'C:/Program Files/Unity/Hub/Editor/2021.3.9f1/Editor/Data/MonoBleedingEdge/etc'
Using monoOptions --debugger-agent=transport=dt_socket,embedding=1,server=y,suspend=n,address=127.0.0.1:56152
Begin MonoManager ReloadAssembly
Registering precompiled unity dll's ...
Register platform support module: C:/Program Files/Unity/Hub/Editor/2021.3.9f1/Editor/Data/PlaybackEngines/AndroidPlayer/UnityEditor.Android.Extensions.dll
Register platform support module: C:/Program Files/Unity/Hub/Editor/2021.3.9f1/Editor/Data/PlaybackEngines/WindowsStandaloneSupport/UnityEditor.WindowsStandalone.Extensions.dll
Registered in 0.008827 seconds.
Native extension for WindowsStandalone target not found
Native extension for Android target not found
Refreshing native plugins compatible for Editor in 118.60 ms, found 3 plugins.
Preloading 0 native plugins for Editor in 0.00 ms.
Mono: successfully reloaded assembly
- Completed reload, in  0.893 seconds
Domain Reload Profiling:
	ReloadAssembly (894ms)
		BeginReloadAssembly (97ms)
			ExecutionOrderSort (0ms)
			DisableScriptedObjects (0ms)
			BackupInstance (0ms)
			ReleaseScriptingObjects (0ms)
			CreateAndSetChildDomain (1ms)
		EndReloadAssembly (633ms)
			LoadAssemblies (95ms)
			RebuildTransferFunctionScriptingTraits (0ms)
			SetupTypeCache (158ms)
			ReleaseScriptCaches (0ms)
			RebuildScriptCaches (36ms)
			SetupLoadedEditorAssemblies (373ms)
				LogAssemblyErrors (0ms)
				InitializePlatformSupportModulesInManaged (73ms)
				SetLoadedEditorAssemblies (0ms)
				RefreshPlugins (119ms)
				BeforeProcessingInitializeOnLoad (2ms)
				ProcessInitializeOnLoadAttributes (124ms)
				ProcessInitializeOnLoadMethodAttributes (56ms)
				AfterProcessingInitializeOnLoad (0ms)
				EditorAssembliesLoaded (0ms)
			ExecutionOrderSort2 (0ms)
			AwakeInstancesAfterBackupRestoration (0ms)
Platform modules already initialized, skipping
Registering precompiled user dll's ...
Registered in 0.007567 seconds.
Begin MonoManager ReloadAssembly
Native extension for WindowsStandalone target not found
Native extension for Android target not found
Refreshing native plugins compatible for Editor in 117.90 ms, found 3 plugins.
Preloading 0 native plugins for Editor in 0.00 ms.
Mono: successfully reloaded assembly
- Completed reload, in  1.718 seconds
Domain Reload Profiling:
	ReloadAssembly (1719ms)
		BeginReloadAssembly (252ms)
			ExecutionOrderSort (0ms)
			DisableScriptedObjects (8ms)
			BackupInstance (0ms)
			ReleaseScriptingObjects (0ms)
			CreateAndSetChildDomain (138ms)
		EndReloadAssembly (1320ms)
			LoadAssemblies (103ms)
			RebuildTransferFunctionScriptingTraits (0ms)
			SetupTypeCache (373ms)
			ReleaseScriptCaches (1ms)
			RebuildScriptCaches (80ms)
			SetupLoadedEditorAssemblies (699ms)
				LogAssemblyErrors (0ms)
				InitializePlatformSupportModulesInManaged (17ms)
				SetLoadedEditorAssemblies (0ms)
				RefreshPlugins (118ms)
				BeforeProcessingInitializeOnLoad (122ms)
				ProcessInitializeOnLoadAttributes (396ms)
				ProcessInitializeOnLoadMethodAttributes (39ms)
				AfterProcessingInitializeOnLoad (8ms)
				EditorAssembliesLoaded (0ms)
			ExecutionOrderSort2 (0ms)
			AwakeInstancesAfterBackupRestoration (6ms)
Platform modules already initialized, skipping
========================================================================
Worker process is ready to serve import requests
Launched and connected shader compiler UnityShaderCompiler.exe after 0.05 seconds
Refreshing native plugins compatible for Editor in 0.90 ms, found 3 plugins.
Preloading 0 native plugins for Editor in 0.00 ms.
Unloading 3913 Unused Serialized files (Serialized files now loaded: 0)
Unloading 44 unused Assets / (182.9 KB). Loaded Objects now: 4373.
Memory consumption went from 141.9 MB to 141.8 MB.
Total: 5.108700 ms (FindLiveObjects: 0.571800 ms CreateObjectMapping: 0.480500 ms MarkObjects: 3.887000 ms  DeleteObjects: 0.168400 ms)

AssetImportParameters requested are different than current active one (requested -> active):
  custom:video-decoder-ogg-theora: a1e56fd34408186e4bbccfd4996cb3dc -> 
  custom:container-muxer-webm: aa71ff27fc2769a1b78a27578f13a17b -> 
  custom:container-demuxer-webm: 4f35f7cbe854078d1ac9338744f61a02 -> 
  custom:video-encoder-webm-vp8: eb34c28f22e8b96e1ab97ce403110664 -> 
  custom:audio-encoder-webm-vorbis: bf7c407c2cedff20999df2af8eb42d56 -> 
  custom:framework-win-MediaFoundation: 216162199b28c13a410421893ffa2e32 -> 
  custom:container-demuxer-ogg: 62fdf1f143b41e24485cea50d1cbac27 -> 
  custom:video-decoder-webm-vp8: 9c59270c3fd7afecdb556c50c9e8de78 -> 
  custom:audio-decoder-ogg-vorbis: bf7c407c2cedff20999df2af8eb42d56 -> 
========================================================================
Received Import Request.
  Time since last request: 2960298.960011 seconds.
  path: Assets/Stylized Plants Kit/Prefabs/Flower 1.prefab
  artifactKey: Guid(0063cb53de8a09048abc4869a1e24c90) Importer(815301076,1909f56bfc062723c751e8b465ee728b)
Start importing Assets/Stylized Plants Kit/Prefabs/Flower 1.prefab using Guid(0063cb53de8a09048abc4869a1e24c90) Importer(815301076,1909f56bfc062723c751e8b465ee728b)  -> (artifact id: '39505e7ce4b6c8e6bacb6c2784d6705f') in 0.225384 seconds 
========================================================================
Received Import Request.
  Time since last request: 0.000034 seconds.
  path: Assets/Stylized Plants Kit/Prefabs/GroundObject.prefab
  artifactKey: Guid(4bd03bcf72ae6c3429105d6d0c9fb297) Importer(815301076,1909f56bfc062723c751e8b465ee728b)
Start importing Assets/Stylized Plants Kit/Prefabs/GroundObject.prefab using Guid(4bd03bcf72ae6c3429105d6d0c9fb297) Importer(815301076,1909f56bfc062723c751e8b465ee728b)  -> (artifact id: '5cba6f6ac3d0b732b5f7a1673892b606') in 0.071447 seconds 
========================================================================
Received Import Request.
  Time since last request: 7.214616 seconds.
  path: Assets/Stylized Plants Kit/Models/Flower 1.fbx
  artifactKey: Guid(d47f6f72581d9134f885e7b5a0e78f31) Importer(815301076,1909f56bfc062723c751e8b465ee728b)
Start importing Assets/Stylized Plants Kit/Models/Flower 1.fbx using Guid(d47f6f72581d9134f885e7b5a0e78f31) Importer(815301076,1909f56bfc062723c751e8b465ee728b)  -> (artifact id: 'eff1cd46a6a36a01f7ecec134f0cab12') in 0.095305 seconds 
========================================================================
Received Import Request.
  Time since last request: 0.000024 seconds.
  path: Assets/Stylized Plants Kit/Models/Mushroom 2.fbx
  artifactKey: Guid(019073409319a234f8b833bb7615e826) Importer(815301076,1909f56bfc062723c751e8b465ee728b)
Start importing Assets/Stylized Plants Kit/Models/Mushroom 2.fbx using Guid(019073409319a234f8b833bb7615e826) Importer(815301076,1909f56bfc062723c751e8b465ee728b)  -> (artifact id: '4e0094a7717bdd7ba632bf8dc5c91193') in 0.037747 seconds 
========================================================================
Received Import Request.
  Time since last request: 2.095786 seconds.
  path: Assets/Stylized Plants Kit/Materials/SkyBox.mat
  artifactKey: Guid(0bd7082aa7db0304091cfc7b9b64567f) Importer(815301076,1909f56bfc062723c751e8b465ee728b)
Start importing Assets/Stylized Plants Kit/Materials/SkyBox.mat using Guid(0bd7082aa7db0304091cfc7b9b64567f) Importer(815301076,1909f56bfc062723c751e8b465ee728b)  -> (artifact id: 'd63559f88fa23d7dee6e428579f8e5e3') in 0.048162 seconds 
========================================================================
Received Import Request.
  Time since last request: 2.071694 seconds.
  path: Assets/Stylized Plants Kit/Presets/UtilityTexture.preset
  artifactKey: Guid(45f7b2e3c78185248b3adbb14429c2ab) Importer(815301076,1909f56bfc062723c751e8b465ee728b)
Start importing Assets/Stylized Plants Kit/Presets/UtilityTexture.preset using Guid(45f7b2e3c78185248b3adbb14429c2ab) Importer(815301076,1909f56bfc062723c751e8b465ee728b)  -> (artifact id: '34ac9190d638e8f22cd8178ec7d8a60b') in 0.012433 seconds 
========================================================================
Received Import Request.
  Time since last request: 4.515808 seconds.
  path: Assets/Stylized Plants Kit/Settings/URP_LowQuality.asset
  artifactKey: Guid(a31e9f9f9c9d4b9429ed0d1234e22103) Importer(815301076,1909f56bfc062723c751e8b465ee728b)
Start importing Assets/Stylized Plants Kit/Settings/URP_LowQuality.asset using Guid(a31e9f9f9c9d4b9429ed0d1234e22103) Importer(815301076,1909f56bfc062723c751e8b465ee728b)  -> (artifact id: '47c1652af55fd3d63623ba96da119f92') in 0.008579 seconds 
========================================================================
Received Import Request.
  Time since last request: 4.419574 seconds.
  path: Assets/Stylized Plants Kit/Textures/Ground_Diffuse_4.tga
  artifactKey: Guid(2073a88f83f40f6498b9dc9ac4e9168d) Importer(815301076,1909f56bfc062723c751e8b465ee728b)
Start importing Assets/Stylized Plants Kit/Textures/Ground_Diffuse_4.tga using Guid(2073a88f83f40f6498b9dc9ac4e9168d) Importer(815301076,1909f56bfc062723c751e8b465ee728b)  -> (artifact id: '75dfc61fe53cc6028faf9fbd76557091') in 0.137125 seconds 
========================================================================
Received Import Request.
  Time since last request: 114.805732 seconds.
  path: Assets/TextMesh Pro/Shaders/TMPro_Mobile.cginc
  artifactKey: Guid(c334973cef89a9840b0b0c507e0377ab) Importer(815301076,1909f56bfc062723c751e8b465ee728b)
Start importing Assets/TextMesh Pro/Shaders/TMPro_Mobile.cginc using Guid(c334973cef89a9840b0b0c507e0377ab) Importer(815301076,1909f56bfc062723c751e8b465ee728b)  -> (artifact id: '89ec19a9bb5cbf8bdad0e1633e175a9e') in 0.007580 seconds 
========================================================================
Received Import Request.
  Time since last request: 0.000022 seconds.
  path: Assets/TextMesh Pro/Shaders/TMPro_Properties.cginc
  artifactKey: Guid(3997e2241185407d80309a82f9148466) Importer(815301076,1909f56bfc062723c751e8b465ee728b)
Start importing Assets/TextMesh Pro/Shaders/TMPro_Properties.cginc using Guid(3997e2241185407d80309a82f9148466) Importer(815301076,1909f56bfc062723c751e8b465ee728b)  -> (artifact id: '7506c69260bf7c1cdf33a8f62db534a1') in 0.006066 seconds 
========================================================================
Received Prepare
Registering precompiled user dll's ...
Registered in 0.006980 seconds.
Begin MonoManager ReloadAssembly
Native extension for WindowsStandalone target not found
Native extension for Android target not found
Refreshing native plugins compatible for Editor in 0.95 ms, found 3 plugins.
Preloading 0 native plugins for Editor in 0.00 ms.
Mono: successfully reloaded assembly
- Completed reload, in  1.561 seconds
Domain Reload Profiling:
	ReloadAssembly (1562ms)
		BeginReloadAssembly (165ms)
			ExecutionOrderSort (0ms)
			DisableScriptedObjects (6ms)
			BackupInstance (0ms)
			ReleaseScriptingObjects (0ms)
			CreateAndSetChildDomain (50ms)
		EndReloadAssembly (1273ms)
			LoadAssemblies (216ms)
			RebuildTransferFunctionScriptingTraits (0ms)
			SetupTypeCache (382ms)
			ReleaseScriptCaches (2ms)
			RebuildScriptCaches (57ms)
			SetupLoadedEditorAssemblies (553ms)
				LogAssemblyErrors (0ms)
				InitializePlatformSupportModulesInManaged (28ms)
				SetLoadedEditorAssemblies (1ms)
				RefreshPlugins (1ms)
				BeforeProcessingInitializeOnLoad (87ms)
				ProcessInitializeOnLoadAttributes (372ms)
				ProcessInitializeOnLoadMethodAttributes (56ms)
				AfterProcessingInitializeOnLoad (8ms)
				EditorAssembliesLoaded (0ms)
			ExecutionOrderSort2 (0ms)
			AwakeInstancesAfterBackupRestoration (7ms)
Platform modules already initialized, skipping
Refreshing native plugins compatible for Editor in 2.68 ms, found 3 plugins.
Preloading 0 native plugins for Editor in 0.00 ms.
Unloading 3892 Unused Serialized files (Serialized files now loaded: 0)
Unloading 23 unused Assets / (150.7 KB). Loaded Objects now: 4432.
Memory consumption went from 145.4 MB to 145.2 MB.
Total: 4.502600 ms (FindLiveObjects: 0.402700 ms CreateObjectMapping: 0.211300 ms MarkObjects: 3.752700 ms  DeleteObjects: 0.134600 ms)

AssetImportParameters requested are different than current active one (requested -> active):
  custom:video-decoder-ogg-theora: a1e56fd34408186e4bbccfd4996cb3dc -> 
  custom:container-muxer-webm: aa71ff27fc2769a1b78a27578f13a17b -> 
  custom:container-demuxer-webm: 4f35f7cbe854078d1ac9338744f61a02 -> 
  custom:video-encoder-webm-vp8: eb34c28f22e8b96e1ab97ce403110664 -> 
  custom:audio-encoder-webm-vorbis: bf7c407c2cedff20999df2af8eb42d56 -> 
  custom:framework-win-MediaFoundation: 216162199b28c13a410421893ffa2e32 -> 
  custom:container-demuxer-ogg: 62fdf1f143b41e24485cea50d1cbac27 -> 
  custom:video-decoder-webm-vp8: 9c59270c3fd7afecdb556c50c9e8de78 -> 
  custom:audio-decoder-ogg-vorbis: bf7c407c2cedff20999df2af8eb42d56 -> 
========================================================================
Received Import Request.
  Time since last request: 530.630255 seconds.
  path: Assets/StarterAssets/Environment/Art/Models/Stairs_650_400_300_Mesh.fbx
  artifactKey: Guid(7e0223e1d3e1733499accfa5ebffb67e) Importer(815301076,1909f56bfc062723c751e8b465ee728b)
Start importing Assets/StarterAssets/Environment/Art/Models/Stairs_650_400_300_Mesh.fbx using Guid(7e0223e1d3e1733499accfa5ebffb67e) Importer(815301076,1909f56bfc062723c751e8b465ee728b)  -> (artifact id: '7f644a22f7307dc8433a6a9a45ed056b') in 0.182302 seconds 
========================================================================
Received Import Request.
  Time since last request: 6.038826 seconds.
  path: Assets/StarterAssets/Environment/Art/Models/Tunnel_Mesh.fbx
  artifactKey: Guid(f712806514868e54699156ec05dcb749) Importer(815301076,1909f56bfc062723c751e8b465ee728b)
Start importing Assets/StarterAssets/Environment/Art/Models/Tunnel_Mesh.fbx using Guid(f712806514868e54699156ec05dcb749) Importer(815301076,1909f56bfc062723c751e8b465ee728b)  -> (artifact id: '613f232c0f5251bad6ab5d14d63a37bc') in 0.031845 seconds 
========================================================================
Received Import Request.
  Time since last request: 531.003744 seconds.
  path: Assets/Prefabs/Point Material 2.mat
  artifactKey: Guid(8b2342f8b8f776d4e8357866f002627d) Importer(815301076,1909f56bfc062723c751e8b465ee728b)
Start importing Assets/Prefabs/Point Material 2.mat using Guid(8b2342f8b8f776d4e8357866f002627d) Importer(815301076,1909f56bfc062723c751e8b465ee728b)  -> (artifact id: '8f4b8e924fd81ed1bece2b2e627ad871') in 0.019559 seconds 
========================================================================
Received Import Request.
  Time since last request: 86.295196 seconds.
  path: Assets/StarterAssets/Environment/Art/Skybox/SkyboxLiteWarm.mat
  artifactKey: Guid(aeab33f69c199e54794f516d31450ec4) Importer(815301076,1909f56bfc062723c751e8b465ee728b)
Start importing Assets/StarterAssets/Environment/Art/Skybox/SkyboxLiteWarm.mat using Guid(aeab33f69c199e54794f516d31450ec4) Importer(815301076,1909f56bfc062723c751e8b465ee728b)  -> (artifact id: '5dec030c0ae90560d2f464b0e4983fae') in 0.021763 seconds 
========================================================================
Received Import Request.
  Time since last request: 0.857945 seconds.
  path: Assets/StarterAssets/ThirdPersonController/Character/Materials/Built-in_RP/M_ArmatureColor_Body.mat
  artifactKey: Guid(9564d3bbc73fcb64792156cb4e2758a4) Importer(815301076,1909f56bfc062723c751e8b465ee728b)
Start importing Assets/StarterAssets/ThirdPersonController/Character/Materials/Built-in_RP/M_ArmatureColor_Body.mat using Guid(9564d3bbc73fcb64792156cb4e2758a4) Importer(815301076,1909f56bfc062723c751e8b465ee728b)  -> (artifact id: 'f706c2cee385f0cd1b33d17a3901c511') in 0.316454 seconds 
========================================================================
Received Import Request.
  Time since last request: 0.000026 seconds.
  path: Assets/StarterAssets/ThirdPersonController/Character/Materials/M_Armature_Legs.mat
  artifactKey: Guid(8b25e99361ac31d4e9ae83c46aee69ea) Importer(815301076,1909f56bfc062723c751e8b465ee728b)
Start importing Assets/StarterAssets/ThirdPersonController/Character/Materials/M_Armature_Legs.mat using Guid(8b25e99361ac31d4e9ae83c46aee69ea) Importer(815301076,1909f56bfc062723c751e8b465ee728b)  -> (artifact id: 'a564ef29255762dc0708543e43510178') in 0.280394 seconds 
========================================================================
Received Import Request.
  Time since last request: 0.000036 seconds.
  path: Assets/TextMesh Pro/Resources/Fonts & Materials/LiberationSans SDF - Fallback.asset
  artifactKey: Guid(2e498d1c8094910479dc3e1b768306a4) Importer(815301076,1909f56bfc062723c751e8b465ee728b)
Start importing Assets/TextMesh Pro/Resources/Fonts & Materials/LiberationSans SDF - Fallback.asset using Guid(2e498d1c8094910479dc3e1b768306a4) Importer(815301076,1909f56bfc062723c751e8b465ee728b)  -> (artifact id: '0138cb4aa5841fa638db31bc22925da3') in 0.051378 seconds 
========================================================================
Received Import Request.
  Time since last request: 0.000027 seconds.
  path: Assets/TextMesh Pro/Resources/Fonts & Materials/LiberationSans SDF - Drop Shadow.mat
  artifactKey: Guid(e73a58f6e2794ae7b1b7e50b7fb811b0) Importer(815301076,1909f56bfc062723c751e8b465ee728b)
Start importing Assets/TextMesh Pro/Resources/Fonts & Materials/LiberationSans SDF - Drop Shadow.mat using Guid(e73a58f6e2794ae7b1b7e50b7fb811b0) Importer(815301076,1909f56bfc062723c751e8b465ee728b)  -> (artifact id: 'f2db760de3376ba27a45e93dd312050b') in 0.115996 seconds 
========================================================================
Received Import Request.
  Time since last request: 0.235393 seconds.
  path: Assets/StarterAssets/Environment/Art/Materials/GridWhite_01_Mat.mat
  artifactKey: Guid(dbf898c9f9c4a2d46aa6336e23caeb61) Importer(815301076,1909f56bfc062723c751e8b465ee728b)
Start importing Assets/StarterAssets/Environment/Art/Materials/GridWhite_01_Mat.mat using Guid(dbf898c9f9c4a2d46aa6336e23caeb61) Importer(815301076,1909f56bfc062723c751e8b465ee728b)  -> (artifact id: '068d1940fe7ad686da603e8c978786c7') in 0.030874 seconds 
========================================================================
Received Import Request.
  Time since last request: 0.264228 seconds.
  path: Assets/StarterAssets/Environment/Art/Materials/GreyBlue_Mat.mat
  artifactKey: Guid(6b911390c5825014e8377183a7837d3f) Importer(815301076,1909f56bfc062723c751e8b465ee728b)
Start importing Assets/StarterAssets/Environment/Art/Materials/GreyBlue_Mat.mat using Guid(6b911390c5825014e8377183a7837d3f) Importer(815301076,1909f56bfc062723c751e8b465ee728b)  -> (artifact id: 'f370dd99000d5af60c15247c20901e2d') in 0.020105 seconds 
========================================================================
Received Import Request.
  Time since last request: 0.000029 seconds.
  path: Assets/Ornamental Flower Set/Resources/Furniture01/Materials/F_foliageplant_12_01_mt.mat
  artifactKey: Guid(09af724328de2044ea06f307dfd72916) Importer(815301076,1909f56bfc062723c751e8b465ee728b)
Start importing Assets/Ornamental Flower Set/Resources/Furniture01/Materials/F_foliageplant_12_01_mt.mat using Guid(09af724328de2044ea06f307dfd72916) Importer(815301076,1909f56bfc062723c751e8b465ee728b)  -> (artifact id: 'd63f472ca91e35ce72a22ca385902518') in 0.033038 seconds 
========================================================================
Received Import Request.
  Time since last request: 0.027236 seconds.
  path: Assets/Ornamental Flower Set/Resources/Furniture01/Materials/F_foliageplant_11_01_mt.mat
  artifactKey: Guid(912333969d23f9049ae4f66246b5e952) Importer(815301076,1909f56bfc062723c751e8b465ee728b)
Start importing Assets/Ornamental Flower Set/Resources/Furniture01/Materials/F_foliageplant_11_01_mt.mat using Guid(912333969d23f9049ae4f66246b5e952) Importer(815301076,1909f56bfc062723c751e8b465ee728b)  -> (artifact id: '33a1322b96ce91e892f48fcf886efd00') in 0.028819 seconds 
========================================================================
Received Import Request.
  Time since last request: 0.177896 seconds.
  path: Assets/Ornamental Flower Set/Resources/Furniture01/Materials/F_foliageplant_10_01_mt.mat
  artifactKey: Guid(16d96e3a00e43824ba64a156b046a531) Importer(815301076,1909f56bfc062723c751e8b465ee728b)
Start importing Assets/Ornamental Flower Set/Resources/Furniture01/Materials/F_foliageplant_10_01_mt.mat using Guid(16d96e3a00e43824ba64a156b046a531) Importer(815301076,1909f56bfc062723c751e8b465ee728b)  -> (artifact id: '273fb675a43a5a942134e47c3fbb4f5e') in 0.026143 seconds 
========================================================================
Received Import Request.
  Time since last request: 0.000024 seconds.
  path: Assets/Ornamental Flower Set/Resources/Furniture01/Materials/F_foliageplant_09_00_mt.mat
  artifactKey: Guid(9a4236c253a159c449e6bc54a40836bd) Importer(815301076,1909f56bfc062723c751e8b465ee728b)
Start importing Assets/Ornamental Flower Set/Resources/Furniture01/Materials/F_foliageplant_09_00_mt.mat using Guid(9a4236c253a159c449e6bc54a40836bd) Importer(815301076,1909f56bfc062723c751e8b465ee728b)  -> (artifact id: 'c146d518cabc2a321bd74ebb60d179f5') in 0.164703 seconds 
========================================================================
Received Import Request.
  Time since last request: 0.073582 seconds.
  path: Assets/Ornamental Flower Set/Resources/Furniture01/Materials/F_flowerstand_02_00_mt.mat
  artifactKey: Guid(d68a099a5d2cb9a4cbc4704b802e7b64) Importer(815301076,1909f56bfc062723c751e8b465ee728b)
Start importing Assets/Ornamental Flower Set/Resources/Furniture01/Materials/F_flowerstand_02_00_mt.mat using Guid(d68a099a5d2cb9a4cbc4704b802e7b64) Importer(815301076,1909f56bfc062723c751e8b465ee728b)  -> (artifact id: 'bd06abf796d25738639d081867ca3921') in 0.029152 seconds 
========================================================================
Received Import Request.
  Time since last request: 0.000026 seconds.
  path: Assets/StarterAssets/Environment/Art/Materials/Built-in_RP/BuiltInTriplanar_01_Mat.mat
  artifactKey: Guid(3300a5c4710bac244815734e484b3b90) Importer(815301076,1909f56bfc062723c751e8b465ee728b)
Start importing Assets/StarterAssets/Environment/Art/Materials/Built-in_RP/BuiltInTriplanar_01_Mat.mat using Guid(3300a5c4710bac244815734e484b3b90) Importer(815301076,1909f56bfc062723c751e8b465ee728b)  -> (artifact id: '6de2aa72f64f5653479839f4d8888ae5') in 0.338242 seconds 
Editor requested this worker to shutdown with reason: Scaling down because of idle timeout
AssetImportWorker is now disconnected from the server
Process exiting
Exiting without the bug reporter. Application will terminate with return code 0