Using pre-set license
Built from '2021.3/staging' branch; Version is '2021.3.9f1 (ad3870b89536) revision 11352176'; Using compiler version '192829333'; Build Type 'Release'
OS: 'Windows 10  (10.0.19044) 64bit Enterprise' Language: 'en' Physical Memory: 65158 MB
BatchMode: 1, IsHumanControllingUs: 0, StartBugReporterOnCrash: 0, Is64bit: 1, IsPro: 1

COMMAND LINE ARGUMENTS:
C:\Program Files\Unity\Hub\Editor\2021.3.9f1\Editor\Unity.exe
-adb2
-batchMode
-noUpm
-name
AssetImportWorker6
-projectPath
C:/Users/amirnzm/Documents/Unity Projects/My project 1
-logFile
Logs/AssetImportWorker6.log
-srvPort
59289
Successfully changed project path to: C:/Users/amirnzm/Documents/Unity Projects/My project 1
C:/Users/amirnzm/Documents/Unity Projects/My project 1
[UnityMemory] Configuration Parameters - Can be set up in boot.config
    "memorysetup-bucket-allocator-granularity=16"
    "memorysetup-bucket-allocator-bucket-count=8"
    "memorysetup-bucket-allocator-block-size=33554432"
    "memorysetup-bucket-allocator-block-count=8"
    "memorysetup-main-allocator-block-size=16777216"
    "memorysetup-thread-allocator-block-size=16777216"
    "memorysetup-gfx-main-allocator-block-size=16777216"
    "memorysetup-gfx-thread-allocator-block-size=16777216"
    "memorysetup-cache-allocator-block-size=4194304"
    "memorysetup-typetree-allocator-block-size=2097152"
    "memorysetup-profiler-bucket-allocator-granularity=16"
    "memorysetup-profiler-bucket-allocator-bucket-count=8"
    "memorysetup-profiler-bucket-allocator-block-size=33554432"
    "memorysetup-profiler-bucket-allocator-block-count=8"
    "memorysetup-profiler-allocator-block-size=16777216"
    "memorysetup-profiler-editor-allocator-block-size=1048576"
    "memorysetup-temp-allocator-size-main=16777216"
    "memorysetup-job-temp-allocator-block-size=2097152"
    "memorysetup-job-temp-allocator-block-size-background=1048576"
    "memorysetup-job-temp-allocator-reduction-small-platforms=262144"
    "memorysetup-temp-allocator-size-background-worker=32768"
    "memorysetup-temp-allocator-size-job-worker=262144"
    "memorysetup-temp-allocator-size-preload-manager=33554432"
    "memorysetup-temp-allocator-size-nav-mesh-worker=65536"
    "memorysetup-temp-allocator-size-audio-worker=65536"
    "memorysetup-temp-allocator-size-cloud-worker=32768"
    "memorysetup-temp-allocator-size-gi-baking-worker=262144"
    "memorysetup-temp-allocator-size-gfx=262144"
Refreshing native plugins compatible for Editor in 137.18 ms, found 3 plugins.
Preloading 0 native plugins for Editor in 0.00 ms.
Initialize engine version: 2021.3.9f1 (ad3870b89536)
[Subsystems] Discovering subsystems at path C:/Program Files/Unity/Hub/Editor/2021.3.9f1/Editor/Data/Resources/UnitySubsystems
[Subsystems] Discovering subsystems at path C:/Users/amirnzm/Documents/Unity Projects/My project 1/Assets
GfxDevice: creating device client; threaded=0; jobified=0
Direct3D:
    Version:  Direct3D 11.0 [level 11.1]
    Renderer: AMD Radeon VII (ID=0x66af)
    Vendor:   ATI
    VRAM:     16312 MB
    Driver:   27.20.12029.1000
Initialize mono
Mono path[0] = 'C:/Program Files/Unity/Hub/Editor/2021.3.9f1/Editor/Data/Managed'
Mono path[1] = 'C:/Program Files/Unity/Hub/Editor/2021.3.9f1/Editor/Data/MonoBleedingEdge/lib/mono/unityjit-win32'
Mono config path = 'C:/Program Files/Unity/Hub/Editor/2021.3.9f1/Editor/Data/MonoBleedingEdge/etc'
Using monoOptions --debugger-agent=transport=dt_socket,embedding=1,server=y,suspend=n,address=127.0.0.1:56212
Begin MonoManager ReloadAssembly
Registering precompiled unity dll's ...
Register platform support module: C:/Program Files/Unity/Hub/Editor/2021.3.9f1/Editor/Data/PlaybackEngines/AndroidPlayer/UnityEditor.Android.Extensions.dll
Register platform support module: C:/Program Files/Unity/Hub/Editor/2021.3.9f1/Editor/Data/PlaybackEngines/WindowsStandaloneSupport/UnityEditor.WindowsStandalone.Extensions.dll
Registered in 0.007856 seconds.
Native extension for WindowsStandalone target not found
Native extension for Android target not found
Refreshing native plugins compatible for Editor in 121.35 ms, found 3 plugins.
Preloading 0 native plugins for Editor in 0.00 ms.
Mono: successfully reloaded assembly
- Completed reload, in  0.991 seconds
Domain Reload Profiling:
	ReloadAssembly (991ms)
		BeginReloadAssembly (215ms)
			ExecutionOrderSort (0ms)
			DisableScriptedObjects (0ms)
			BackupInstance (0ms)
			ReleaseScriptingObjects (0ms)
			CreateAndSetChildDomain (1ms)
		EndReloadAssembly (620ms)
			LoadAssemblies (213ms)
			RebuildTransferFunctionScriptingTraits (0ms)
			SetupTypeCache (149ms)
			ReleaseScriptCaches (0ms)
			RebuildScriptCaches (36ms)
			SetupLoadedEditorAssemblies (372ms)
				LogAssemblyErrors (0ms)
				InitializePlatformSupportModulesInManaged (70ms)
				SetLoadedEditorAssemblies (0ms)
				RefreshPlugins (121ms)
				BeforeProcessingInitializeOnLoad (2ms)
				ProcessInitializeOnLoadAttributes (123ms)
				ProcessInitializeOnLoadMethodAttributes (56ms)
				AfterProcessingInitializeOnLoad (0ms)
				EditorAssembliesLoaded (0ms)
			ExecutionOrderSort2 (0ms)
			AwakeInstancesAfterBackupRestoration (0ms)
Platform modules already initialized, skipping
Registering precompiled user dll's ...
Registered in 0.007359 seconds.
Begin MonoManager ReloadAssembly
Native extension for WindowsStandalone target not found
Native extension for Android target not found
Refreshing native plugins compatible for Editor in 119.28 ms, found 3 plugins.
Preloading 0 native plugins for Editor in 0.00 ms.
Mono: successfully reloaded assembly
- Completed reload, in  1.896 seconds
Domain Reload Profiling:
	ReloadAssembly (1897ms)
		BeginReloadAssembly (242ms)
			ExecutionOrderSort (0ms)
			DisableScriptedObjects (7ms)
			BackupInstance (0ms)
			ReleaseScriptingObjects (0ms)
			CreateAndSetChildDomain (129ms)
		EndReloadAssembly (1504ms)
			LoadAssemblies (105ms)
			RebuildTransferFunctionScriptingTraits (0ms)
			SetupTypeCache (573ms)
			ReleaseScriptCaches (1ms)
			RebuildScriptCaches (75ms)
			SetupLoadedEditorAssemblies (695ms)
				LogAssemblyErrors (0ms)
				InitializePlatformSupportModulesInManaged (16ms)
				SetLoadedEditorAssemblies (0ms)
				RefreshPlugins (119ms)
				BeforeProcessingInitializeOnLoad (120ms)
				ProcessInitializeOnLoadAttributes (391ms)
				ProcessInitializeOnLoadMethodAttributes (39ms)
				AfterProcessingInitializeOnLoad (10ms)
				EditorAssembliesLoaded (0ms)
			ExecutionOrderSort2 (0ms)
			AwakeInstancesAfterBackupRestoration (6ms)
Platform modules already initialized, skipping
========================================================================
Worker process is ready to serve import requests
Launched and connected shader compiler UnityShaderCompiler.exe after 0.05 seconds
Refreshing native plugins compatible for Editor in 0.89 ms, found 3 plugins.
Preloading 0 native plugins for Editor in 0.00 ms.
Unloading 3913 Unused Serialized files (Serialized files now loaded: 0)
Unloading 44 unused Assets / (182.9 KB). Loaded Objects now: 4373.
Memory consumption went from 141.9 MB to 141.8 MB.
Total: 4.759300 ms (FindLiveObjects: 0.436300 ms CreateObjectMapping: 0.250500 ms MarkObjects: 3.885100 ms  DeleteObjects: 0.186300 ms)

AssetImportParameters requested are different than current active one (requested -> active):
  custom:video-decoder-ogg-theora: a1e56fd34408186e4bbccfd4996cb3dc -> 
  custom:container-muxer-webm: aa71ff27fc2769a1b78a27578f13a17b -> 
  custom:container-demuxer-webm: 4f35f7cbe854078d1ac9338744f61a02 -> 
  custom:video-encoder-webm-vp8: eb34c28f22e8b96e1ab97ce403110664 -> 
  custom:audio-encoder-webm-vorbis: bf7c407c2cedff20999df2af8eb42d56 -> 
  custom:framework-win-MediaFoundation: 216162199b28c13a410421893ffa2e32 -> 
  custom:container-demuxer-ogg: 62fdf1f143b41e24485cea50d1cbac27 -> 
  custom:video-decoder-webm-vp8: 9c59270c3fd7afecdb556c50c9e8de78 -> 
  custom:audio-decoder-ogg-vorbis: bf7c407c2cedff20999df2af8eb42d56 -> 
========================================================================
Received Import Request.
  Time since last request: 2960298.959479 seconds.
  path: Assets/Stylized Plants Kit/Prefabs/Branch 2.prefab
  artifactKey: Guid(199413793338e594cbf9ed73d961a9b3) Importer(815301076,1909f56bfc062723c751e8b465ee728b)
Start importing Assets/Stylized Plants Kit/Prefabs/Branch 2.prefab using Guid(199413793338e594cbf9ed73d961a9b3) Importer(815301076,1909f56bfc062723c751e8b465ee728b)  -> (artifact id: '9769aab582788e261586b3c7685146d4') in 0.194815 seconds 
========================================================================
Received Import Request.
  Time since last request: 0.000029 seconds.
  path: Assets/Stylized Plants Kit/Prefabs/Grass preset 1.prefab
  artifactKey: Guid(ae6f1014905c5424392f803b6d2cf795) Importer(815301076,1909f56bfc062723c751e8b465ee728b)
Start importing Assets/Stylized Plants Kit/Prefabs/Grass preset 1.prefab using Guid(ae6f1014905c5424392f803b6d2cf795) Importer(815301076,1909f56bfc062723c751e8b465ee728b)  -> (artifact id: '6c0917b709f829caf2a2da0808edd6ac') in 0.033551 seconds 
========================================================================
Received Import Request.
  Time since last request: 0.000047 seconds.
  path: Assets/Stylized Plants Kit/Prefabs/Leaves.prefab
  artifactKey: Guid(a33ea3f128a04db44883b5c68a8db1fc) Importer(815301076,1909f56bfc062723c751e8b465ee728b)
Start importing Assets/Stylized Plants Kit/Prefabs/Leaves.prefab using Guid(a33ea3f128a04db44883b5c68a8db1fc) Importer(815301076,1909f56bfc062723c751e8b465ee728b)  -> (artifact id: '4bb22b0ebbe637e5df1e5f5950eedeac') in 0.032411 seconds 
========================================================================
Received Import Request.
  Time since last request: 7.241666 seconds.
  path: Assets/Stylized Plants Kit/Models/Branch 2.fbx
  artifactKey: Guid(fb4d36668ff85784e9b3d8592183bc14) Importer(815301076,1909f56bfc062723c751e8b465ee728b)
Start importing Assets/Stylized Plants Kit/Models/Branch 2.fbx using Guid(fb4d36668ff85784e9b3d8592183bc14) Importer(815301076,1909f56bfc062723c751e8b465ee728b)  -> (artifact id: '93dbde17870abf0c6ca85a7db835840d') in 0.106579 seconds 
========================================================================
Received Import Request.
  Time since last request: 0.000025 seconds.
  path: Assets/Stylized Plants Kit/Models/WaterPlane.fbx
  artifactKey: Guid(041ae6142367ebe4ab527d713467f80a) Importer(815301076,1909f56bfc062723c751e8b465ee728b)
Start importing Assets/Stylized Plants Kit/Models/WaterPlane.fbx using Guid(041ae6142367ebe4ab527d713467f80a) Importer(815301076,1909f56bfc062723c751e8b465ee728b)  -> (artifact id: '0bde1bb208fd51ddc5bb59d915c0ed17') in 0.041743 seconds 
========================================================================
Received Import Request.
  Time since last request: 2.081119 seconds.
  path: Assets/Stylized Plants Kit/Materials/Mud.mat
  artifactKey: Guid(5e7a79030591ba04d9aa024f252e992e) Importer(815301076,1909f56bfc062723c751e8b465ee728b)
Start importing Assets/Stylized Plants Kit/Materials/Mud.mat using Guid(5e7a79030591ba04d9aa024f252e992e) Importer(815301076,1909f56bfc062723c751e8b465ee728b)  -> (artifact id: '5359296e68d337b43064e657050ad5a5') in 0.045270 seconds 
========================================================================
Received Import Request.
  Time since last request: 2.072772 seconds.
  path: Assets/Stylized Plants Kit/Presets/AudioStreaming.preset
  artifactKey: Guid(86bcce7f5575b54408aa0f3a7d321039) Importer(815301076,1909f56bfc062723c751e8b465ee728b)
Start importing Assets/Stylized Plants Kit/Presets/AudioStreaming.preset using Guid(86bcce7f5575b54408aa0f3a7d321039) Importer(815301076,1909f56bfc062723c751e8b465ee728b)  -> (artifact id: 'c0c86d1c81ae44ebad38ca07fdb37b3a') in 0.008866 seconds 
========================================================================
Received Import Request.
  Time since last request: 4.519539 seconds.
  path: Assets/Stylized Plants Kit/Settings/PostEfectsProfile.asset
  artifactKey: Guid(10fc4df2da32a41aaa32d77bc913491c) Importer(815301076,1909f56bfc062723c751e8b465ee728b)
Start importing Assets/Stylized Plants Kit/Settings/PostEfectsProfile.asset using Guid(10fc4df2da32a41aaa32d77bc913491c) Importer(815301076,1909f56bfc062723c751e8b465ee728b)  -> (artifact id: 'f841ed00678431d7e4f92e236c3359f1') in 0.008936 seconds 
========================================================================
Received Import Request.
  Time since last request: 4.421265 seconds.
  path: Assets/Stylized Plants Kit/Textures/Cliff_Normal_3.tga
  artifactKey: Guid(a5e7609d77839424fb406d775e7ae4c8) Importer(815301076,1909f56bfc062723c751e8b465ee728b)
Start importing Assets/Stylized Plants Kit/Textures/Cliff_Normal_3.tga using Guid(a5e7609d77839424fb406d775e7ae4c8) Importer(815301076,1909f56bfc062723c751e8b465ee728b)  -> (artifact id: '9c9b40b15d8f203b03f031ff8b9acb38') in 0.043300 seconds 
========================================================================
Received Import Request.
  Time since last request: 0.000041 seconds.
  path: Assets/Stylized Plants Kit/Textures/Ground_Normal_4.tga
  artifactKey: Guid(d91c56dcc806ebc458ab1f936794edcd) Importer(815301076,1909f56bfc062723c751e8b465ee728b)
Start importing Assets/Stylized Plants Kit/Textures/Ground_Normal_4.tga using Guid(d91c56dcc806ebc458ab1f936794edcd) Importer(815301076,1909f56bfc062723c751e8b465ee728b)  -> (artifact id: 'e0f9f827bc0ef2ff027169b31a40cb8a') in 0.020999 seconds 
Editor requested this worker to shutdown with reason: Scaling down because of idle timeout
AssetImportWorker is now disconnected from the server
Process exiting
Exiting without the bug reporter. Application will terminate with return code 0